
============================================================
Iteration 1 | 2 | 0.0s
Input: '1.2.3..3..3..3.4'
Running the IPv4 parser with ipstr: 1.2.3..3..3..3.4
An invalidity bug has been triggered: One of the octets are empty
============================================================
TRACEBACK
============================================================
============================================================
Saved bug count report and tracebacks for the bugs encountered!
Final bug count: defaultdict(<class 'int'>, {('invalidity', <class 'buggy_ipyparse.ipv4_stv.InvalidityBug'>, 'One of the octets are empty', 'buggy_ipyparse/ipv4_stv.py', 80): 1})
[STDERR]
Traceback (most recent call last):
  File "ipv4_parser_stv.py", line 220, in <module>
  File "pyparsing/core.py", line 1328, in parse_string
  File "pyparsing/core.py", line 950, in _parseNoCache
  File "pyparsing/core.py", line 5155, in parseImpl
  File "pyparsing/core.py", line 950, in _parseNoCache
  File "pyparsing/core.py", line 4634, in parseImpl
  File "pyparsing/core.py", line 950, in _parseNoCache
  File "pyparsing/core.py", line 4634, in parseImpl
  File "pyparsing/core.py", line 989, in _parseNoCache
  File "pyparsing/core.py", line 281, in wrapper
  File "buggy_ipyparse/ipv4_stv.py", line 80, in convert_octet
buggy_ipyparse.ipv4_stv.InvalidityBug: One of the octets are empty

============================================================
Iteration 2 | 6 | 11.4s
Input: '-127.0.0.1'
[STDERR]
usage: ipv4 parser [-h] [--ipstr IPSTR]
ipv4 parser: error: argument --ipstr: expected one argument

============================================================
Iteration 3 | 2 | 22.9s
Input: '1.2.3y.4'
Running the IPv4 parser with ipstr: 1.2.3y.4
============================================================
TRACEBACK
============================================================
============================================================
Saved bug count report and tracebacks for the bugs encountered!
Final bug count: defaultdict(<class 'int'>, {('invalidity', <class 'pyparsing.exceptions.ParseException'>, "Expected '.', found 'y'  (at char 5), (line:1, col:6)", 'pyparsing/core.py', 1340): 1})
[STDERR]
Traceback (most recent call last):
  File "ipv4_parser_stv.py", line 220, in <module>
  File "pyparsing/core.py", line 1340, in parse_string
pyparsing.exceptions.ParseException: Expected '.', found 'y'  (at char 5), (line:1, col:6)

============================================================
Iteration 4 | 6 | 34.6s
Input: '10.255.25555.25'
Running the IPv4 parser with ipstr: 10.255.25555.25
============================================================
TRACEBACK
============================================================
============================================================
A validity bug has been triggered: Expected '.', found '5'  (at char 5), (line:1, col:6)
Saved bug count report and tracebacks for the bugs encountered!
Final bug count: defaultdict(<class 'int'>, {('validity', <class 'pyparsing.exceptions.ParseException'>, "Expected '.', found '5'  (at char 5), (line:1, col:6)", 'pyparsing/core.py', 1340): 1})
[STDERR]
Traceback (most recent call last):
  File "ipv4_parser_stv.py", line 220, in <module>
  File "pyparsing/core.py", line 1340, in parse_string
pyparsing.exceptions.ParseException: Expected '.', found '5'  (at char 5), (line:1, col:6)

============================================================
Iteration 5 | 2 | 46.2s
Input: '0.0.0\r.0'
Running the IPv4 parser with ipstr: 0.0.0.0
============================================================
TRACEBACK
============================================================
============================================================
Saved bug count report and tracebacks for the bugs encountered!
Final bug count: defaultdict(<class 'int'>, {('invalidity', <class 'pyparsing.exceptions.ParseException'>, "Expected '.', found '\\r'  (at char 5), (line:1, col:6)", 'pyparsing/core.py', 1340): 1})
[STDERR]
Traceback (most recent call last):
  File "ipv4_parser_stv.py", line 220, in <module>
  File "pyparsing/core.py", line 1340, in parse_string
pyparsing.exceptions.ParseException: Expected '.', found '\r'  (at char 5), (line:1, col:6)

============================================================
Iteration 6 | 2 | 57.7s
Input: '1...3y24'
Running the IPv4 parser with ipstr: 1...3y24
An invalidity bug has been triggered: One of the octets are empty
============================================================
TRACEBACK
============================================================
============================================================
Saved bug count report and tracebacks for the bugs encountered!
Final bug count: defaultdict(<class 'int'>, {('invalidity', <class 'buggy_ipyparse.ipv4_stv.InvalidityBug'>, 'One of the octets are empty', 'buggy_ipyparse/ipv4_stv.py', 80): 1})
[STDERR]
Traceback (most recent call last):
  File "ipv4_parser_stv.py", line 220, in <module>
  File "pyparsing/core.py", line 1328, in parse_string
  File "pyparsing/core.py", line 950, in _parseNoCache
  File "pyparsing/core.py", line 5155, in parseImpl
  File "pyparsing/core.py", line 950, in _parseNoCache
  File "pyparsing/core.py", line 4634, in parseImpl
  File "pyparsing/core.py", line 950, in _parseNoCache
  File "pyparsing/core.py", line 4634, in parseImpl
  File "pyparsing/core.py", line 989, in _parseNoCache
  File "pyparsing/core.py", line 281, in wrapper
  File "buggy_ipyparse/ipv4_stv.py", line 80, in convert_octet
buggy_ipyparse.ipv4_stv.InvalidityBug: One of the octets are empty

============================================================
Iteration 7 | 2 | 71.4s
Input: '0Z.0.0\r.0'
Running the IPv4 parser with ipstr: 0Z.0.0.0
============================================================
TRACEBACK
============================================================
============================================================
Saved bug count report and tracebacks for the bugs encountered!
Final bug count: defaultdict(<class 'int'>, {('invalidity', <class 'pyparsing.exceptions.ParseException'>, "Expected '.', found 'Z'  (at char 1), (line:1, col:2)", 'pyparsing/core.py', 1340): 1})
[STDERR]
Traceback (most recent call last):
  File "ipv4_parser_stv.py", line 220, in <module>
  File "pyparsing/core.py", line 1340, in parse_string
pyparsing.exceptions.ParseException: Expected '.', found 'Z'  (at char 1), (line:1, col:2)

============================================================
Iteration 8 | 2 | 83.5s
Input: '0.0.0\r.1'
Running the IPv4 parser with ipstr: 0.0.0.1
============================================================
TRACEBACK
============================================================
============================================================
Saved bug count report and tracebacks for the bugs encountered!
Final bug count: defaultdict(<class 'int'>, {('invalidity', <class 'pyparsing.exceptions.ParseException'>, "Expected '.', found '\\r'  (at char 5), (line:1, col:6)", 'pyparsing/core.py', 1340): 1})
[STDERR]
Traceback (most recent call last):
  File "ipv4_parser_stv.py", line 220, in <module>
  File "pyparsing/core.py", line 1340, in parse_string
pyparsing.exceptions.ParseException: Expected '.', found '\r'  (at char 5), (line:1, col:6)

============================================================
Iteration 9 | 2 | 97.3s
Input: '2'
Running the IPv4 parser with ipstr: 2
============================================================
TRACEBACK
============================================================
============================================================
Saved bug count report and tracebacks for the bugs encountered!
Final bug count: defaultdict(<class 'int'>, {('invalidity', <class 'pyparsing.exceptions.ParseException'>, "Expected '.', found end of text  (at char 1), (line:1, col:2)", 'pyparsing/core.py', 1340): 1})
[STDERR]
Traceback (most recent call last):
  File "pyparsing/core.py", line 950, in _parseNoCache
  File "pyparsing/core.py", line 2771, in parseImpl
IndexError: string index out of range

During handling of the above exception, another exception occurred:

Traceback (most recent call last):
  File "ipv4_parser_stv.py", line 220, in <module>
  File "pyparsing/core.py", line 1340, in parse_string
pyparsing.exceptions.ParseException: Expected '.', found end of text  (at char 1), (line:1, col:2)

============================================================
Iteration 10 | 6 | 117.3s
Input: '10Z.255.255.25'
Running the IPv4 parser with ipstr: 10Z.255.255.25
============================================================
TRACEBACK
============================================================
============================================================
A validity bug has been triggered: Expected '.', found 'Z'  (at char 2), (line:1, col:3)
Saved bug count report and tracebacks for the bugs encountered!
Final bug count: defaultdict(<class 'int'>, {('validity', <class 'pyparsing.exceptions.ParseException'>, "Expected '.', found 'Z'  (at char 2), (line:1, col:3)", 'pyparsing/core.py', 1340): 1})
[STDERR]
Traceback (most recent call last):
  File "ipv4_parser_stv.py", line 220, in <module>
  File "pyparsing/core.py", line 1340, in parse_string
pyparsing.exceptions.ParseException: Expected '.', found 'Z'  (at char 2), (line:1, col:3)
