
============================================================
Iteration 1 | 8 | 0.0s
Input: '0000:0000:0000:0000:0000:0000:p000:0001'
Running the IPv6 parser with ipstr: 0000:0000:0000:0000:0000:0000:p000:0001
An unknown exception has been triggered. Expected W:(0-9A-Fa-f){1,5}, found 'p000'  (at char 30), (line:1, col:31)
============================================================
TRACEBACK
============================================================
============================================================
Saved bug count report and tracebacks for the bugs encountered!
Final bug count: defaultdict(<class 'int'>, {('bonus', <class 'pyparsing.exceptions.ParseException'>, "Expected W:(0-9A-Fa-f){1,5}, found 'p000'  (at char 30), (line:1, col:31)", 'pyparsing/core.py', 1340): 1})
[STDERR]
Traceback (most recent call last):
  File "ipv6_parser_stv.py", line 219, in <module>
  File "pyparsing/core.py", line 1340, in parse_string
pyparsing.exceptions.ParseException: Expected W:(0-9A-Fa-f){1,5}, found 'p000'  (at char 30), (line:1, col:31)
Traceback (most recent call last):
  File "ipv6_parser_stv.py", line 219, in <module>
  File "pyparsing/core.py", line 1340, in parse_string
pyparsing.exceptions.ParseException: Expected W:(0-9A-Fa-f){1,5}, found 'p000'  (at char 30), (line:1, col:31)

============================================================
Iteration 2 | 2 | 11.5s
Input: 'e283:17f03:a512:257e:12d73:fda4:a57a:12c20'
Running the IPv6 parser with ipstr: e283:17f03:a512:257e:12d73:fda4:a57a:12c20
An invalidity bug has been triggered: Hex of length more than 4 found.
============================================================
TRACEBACK
============================================================
============================================================
Saved bug count report and tracebacks for the bugs encountered!
Final bug count: defaultdict(<class 'int'>, {('invalidity', <class 'buggy_ipyparse.ipv6_mstv.InvalidityBug'>, 'Hex of length more than 4 found.', 'buggy_ipyparse/ipv6_mstv.py', 93): 1})
[STDERR]
Traceback (most recent call last):
  File "ipv6_parser_stv.py", line 219, in <module>
  File "pyparsing/core.py", line 1328, in parse_string
  File "pyparsing/core.py", line 950, in _parseNoCache
  File "pyparsing/core.py", line 4754, in parseImpl
  File "pyparsing/core.py", line 950, in _parseNoCache
  File "pyparsing/core.py", line 4634, in parseImpl
  File "pyparsing/core.py", line 950, in _parseNoCache
  File "pyparsing/core.py", line 4612, in parseImpl
  File "pyparsing/core.py", line 989, in _parseNoCache
  File "pyparsing/core.py", line 281, in wrapper
  File "buggy_ipyparse/ipv6_mstv.py", line 93, in convert_short
buggy_ipyparse.ipv6_mstv.InvalidityBug: Hex of length more than 4 found.

============================================================
Iteration 3 | 8 | 22.9s
Input: '2001::1:+2:3:4:5:6'
Running the IPv6 parser with ipstr: 2001::1:+2:3:4:5:6
An unknown exception has been triggered. Expected end of text, found ':'  (at char 7), (line:1, col:8)
============================================================
TRACEBACK
============================================================
============================================================
Saved bug count report and tracebacks for the bugs encountered!
Final bug count: defaultdict(<class 'int'>, {('bonus', <class 'pyparsing.exceptions.ParseException'>, "Expected end of text, found ':'  (at char 7), (line:1, col:8)", 'pyparsing/core.py', 1340): 1})
[STDERR]
Traceback (most recent call last):
  File "ipv6_parser_stv.py", line 219, in <module>
  File "pyparsing/core.py", line 1340, in parse_string
pyparsing.exceptions.ParseException: Expected end of text, found ':'  (at char 7), (line:1, col:8)
Traceback (most recent call last):
  File "ipv6_parser_stv.py", line 219, in <module>
  File "pyparsing/core.py", line 1340, in parse_string
pyparsing.exceptions.ParseException: Expected end of text, found ':'  (at char 7), (line:1, col:8)

============================================================
Iteration 4 | 8 | 58.7s
Input: '8b7\x12:b988:105fc:12306:117bf:f405:16395:155b6'
Running the IPv6 parser with ipstr: 8b7:b988:105fc:12306:117bf:f405:16395:155b6
An unknown exception has been triggered. Expected ':', found '\x12'  (at char 3), (line:1, col:4)
============================================================
TRACEBACK
============================================================
============================================================
Saved bug count report and tracebacks for the bugs encountered!
Final bug count: defaultdict(<class 'int'>, {('bonus', <class 'pyparsing.exceptions.ParseException'>, "Expected ':', found '\\x12'  (at char 3), (line:1, col:4)", 'pyparsing/core.py', 1340): 1})
[STDERR]
Traceback (most recent call last):
  File "ipv6_parser_stv.py", line 219, in <module>
  File "pyparsing/core.py", line 1340, in parse_string
pyparsing.exceptions.ParseException: Expected ':', found '\x12'  (at char 3), (line:1, col:4)
Traceback (most recent call last):
  File "ipv6_parser_stv.py", line 219, in <module>
  File "pyparsing/core.py", line 1340, in parse_string
pyparsing.exceptions.ParseException: Expected ':', found '\x12'  (at char 3), (line:1, col:4)
