
============================================================
Iteration 1 | 2 | 0.0s
Input: '129.3'
Running the IPv4 parser with ipstr: 129.3
============================================================
TRACEBACK
============================================================
============================================================
Saved bug count report and tracebacks for the bugs encountered!
Final bug count: defaultdict(<class 'int'>, {('invalidity', <class 'pyparsing.exceptions.ParseException'>, "Expected '.', found end of text  (at char 5), (line:1, col:6)", 'pyparsing/core.py', 1340): 1})
[STDERR]
Traceback (most recent call last):
  File "pyparsing/core.py", line 950, in _parseNoCache
  File "pyparsing/core.py", line 2771, in parseImpl
IndexError: string index out of range

During handling of the above exception, another exception occurred:

Traceback (most recent call last):
  File "ipv4_parser_stv.py", line 220, in <module>
  File "pyparsing/core.py", line 1340, in parse_string
pyparsing.exceptions.ParseException: Expected '.', found end of text  (at char 5), (line:1, col:6)

============================================================
Iteration 2 | 4 | 13.0s
Input: '127.0.0.1'
Running the IPv4 parser with ipstr: 127.0.0.1
A functional bug has been triggered: Invalid ipv4 calculation.
============================================================
TRACEBACK
============================================================
============================================================
Saved bug count report and tracebacks for the bugs encountered!
Final bug count: defaultdict(<class 'int'>, {('functional', <class 'buggy_ipyparse.ipv4_stv.FunctionalBug'>, 'Invalid ipv4 calculation.', 'buggy_ipyparse/ipv4_stv.py', 134): 1})
[STDERR]
Traceback (most recent call last):
  File "ipv4_parser_stv.py", line 220, in <module>
  File "pyparsing/core.py", line 1328, in parse_string
  File "pyparsing/core.py", line 989, in _parseNoCache
  File "pyparsing/core.py", line 284, in wrapper
  File "buggy_ipyparse/ipv4_stv.py", line 134, in convert_ipv4
buggy_ipyparse.ipv4_stv.FunctionalBug: Invalid ipv4 calculation.

============================================================
Iteration 3 | 2 | 37.2s
Input: '2'
Running the IPv4 parser with ipstr: 2
============================================================
TRACEBACK
============================================================
============================================================
Saved bug count report and tracebacks for the bugs encountered!
Final bug count: defaultdict(<class 'int'>, {('invalidity', <class 'pyparsing.exceptions.ParseException'>, "Expected '.', found end of text  (at char 1), (line:1, col:2)", 'pyparsing/core.py', 1340): 1})
[STDERR]
Traceback (most recent call last):
  File "pyparsing/core.py", line 950, in _parseNoCache
  File "pyparsing/core.py", line 2771, in parseImpl
IndexError: string index out of range

During handling of the above exception, another exception occurred:

Traceback (most recent call last):
  File "ipv4_parser_stv.py", line 220, in <module>
  File "pyparsing/core.py", line 1340, in parse_string
pyparsing.exceptions.ParseException: Expected '.', found end of text  (at char 1), (line:1, col:2)

============================================================
Iteration 4 | 4 | 49.2s
Input: '224.0.40.1'
Running the IPv4 parser with ipstr: 224.0.40.1
A functional bug has been triggered: Invalid ipv4 calculation.
============================================================
TRACEBACK
============================================================
============================================================
Saved bug count report and tracebacks for the bugs encountered!
Final bug count: defaultdict(<class 'int'>, {('functional', <class 'buggy_ipyparse.ipv4_stv.FunctionalBug'>, 'Invalid ipv4 calculation.', 'buggy_ipyparse/ipv4_stv.py', 134): 1})
[STDERR]
Traceback (most recent call last):
  File "ipv4_parser_stv.py", line 220, in <module>
  File "pyparsing/core.py", line 1328, in parse_string
  File "pyparsing/core.py", line 989, in _parseNoCache
  File "pyparsing/core.py", line 284, in wrapper
  File "buggy_ipyparse/ipv4_stv.py", line 134, in convert_ipv4
buggy_ipyparse.ipv4_stv.FunctionalBug: Invalid ipv4 calculation.
