
============================================================
Iteration 1 | 8 | 0.0s
Input: '::'
Running the IPv6 parser with ipstr: ::
An unknown exception has been triggered. Expected {W:(0-9A-Fa-f){1,5} ^ Group:({Combine:({['0']... ^ {Suppress:(['0']) (1-9)} ^ {Suppress:(['0']) W:(1-9, 0-9){2}} ^ {Suppress:(['0']) '1' W:(0-9){2}} ^ {Suppress:(['0']) '2' W:(0-4, 0-9){2}} ^ {Suppress:(['0']) '25' (0-4)}}) {Suppress:('.') Combine:({['0']... ^ {Suppress:(['0']) (1-9)} ^ {Suppress:(['0']) W:(1-9, 0-9){2}} ^ {Suppress:(['0']) '1' W:(0-9){2}} ^ {Suppress:(['0']) '2' W:(0-4, 0-9){2}} ^ {Suppress:(['0']) '25' (0-4)}})} {Suppress:('.') Combine:({['0']... ^ {Suppress:(['0']) (1-9)} ^ {Suppress:(['0']) W:(1-9, 0-9){2}} ^ {Suppress:(['0']) '1' W:(0-9){2}} ^ {Suppress:(['0']) '2' W:(0-4, 0-9){2}} ^ {Suppress:(['0']) '25' (0-4)}})} {Suppress:('.') Combine:({['0']... ^ {Suppress:(['0']) (1-9)} ^ {Suppress:(['0']) W:(1-9, 0-9){2}} ^ {Suppress:(['0']) '1' W:(0-9){2}} ^ {Suppress:(['0']) '2' W:(0-4, 0-9){2}} ^ {Suppress:(['0']) '25' (0-4)}})}})}, found end of text  (at char 2), (line:1, col:3)
============================================================
TRACEBACK
============================================================
============================================================
Saved bug count report and tracebacks for the bugs encountered!
Final bug count: defaultdict(<class 'int'>, {('bonus', <class 'pyparsing.exceptions.ParseException'>, "Expected {W:(0-9A-Fa-f){1,5} ^ Group:({Combine:({['0']... ^ {Suppress:(['0']) (1-9)} ^ {Suppress:(['0']) W:(1-9, 0-9){2}} ^ {Suppress:(['0']) '1' W:(0-9){2}} ^ {Suppress:(['0']) '2' W:(0-4, 0-9){2}} ^ {Suppress:(['0']) '25' (0-4)}}) {Suppress:('.') Combine:({['0']... ^ {Suppress:(['0']) (1-9)} ^ {Suppress:(['0']) W:(1-9, 0-9){2}} ^ {Suppress:(['0']) '1' W:(0-9){2}} ^ {Suppress:(['0']) '2' W:(0-4, 0-9){2}} ^ {Suppress:(['0']) '25' (0-4)}})} {Suppress:('.') Combine:({['0']... ^ {Suppress:(['0']) (1-9)} ^ {Suppress:(['0']) W:(1-9, 0-9){2}} ^ {Suppress:(['0']) '1' W:(0-9){2}} ^ {Suppress:(['0']) '2' W:(0-4, 0-9){2}} ^ {Suppress:(['0']) '25' (0-4)}})} {Suppress:('.') Combine:({['0']... ^ {Suppress:(['0']) (1-9)} ^ {Suppress:(['0']) W:(1-9, 0-9){2}} ^ {Suppress:(['0']) '1' W:(0-9){2}} ^ {Suppress:(['0']) '2' W:(0-4, 0-9){2}} ^ {Suppress:(['0']) '25' (0-4)}})}})}, found end of text  (at char 2), (line:1, col:3)", 'pyparsing/core.py', 1340): 1})
[STDERR]
Traceback (most recent call last):
  File "ipv6_parser_stv.py", line 219, in <module>
  File "pyparsing/core.py", line 1340, in parse_string
pyparsing.exceptions.ParseException: Expected {W:(0-9A-Fa-f){1,5} ^ Group:({Combine:({['0']... ^ {Suppress:(['0']) (1-9)} ^ {Suppress:(['0']) W:(1-9, 0-9){2}} ^ {Suppress:(['0']) '1' W:(0-9){2}} ^ {Suppress:(['0']) '2' W:(0-4, 0-9){2}} ^ {Suppress:(['0']) '25' (0-4)}}) {Suppress:('.') Combine:({['0']... ^ {Suppress:(['0']) (1-9)} ^ {Suppress:(['0']) W:(1-9, 0-9){2}} ^ {Suppress:(['0']) '1' W:(0-9){2}} ^ {Suppress:(['0']) '2' W:(0-4, 0-9){2}} ^ {Suppress:(['0']) '25' (0-4)}})} {Suppress:('.') Combine:({['0']... ^ {Suppress:(['0']) (1-9)} ^ {Suppress:(['0']) W:(1-9, 0-9){2}} ^ {Suppress:(['0']) '1' W:(0-9){2}} ^ {Suppress:(['0']) '2' W:(0-4, 0-9){2}} ^ {Suppress:(['0']) '25' (0-4)}})} {Suppress:('.') Combine:({['0']... ^ {Suppress:(['0']) (1-9)} ^ {Suppress:(['0']) W:(1-9, 0-9){2}} ^ {Suppress:(['0']) '1' W:(0-9){2}} ^ {Suppress:(['0']) '2' W:(0-4, 0-9){2}} ^ {Suppress:(['0']) '25' (0-4)}})}})}, found end of text  (at char 2), (line:1, col:3)
Traceback (most recent call last):
  File "ipv6_parser_stv.py", line 219, in <module>
  File "pyparsing/core.py", line 1340, in parse_string
pyparsing.exceptions.ParseException: Expected {W:(0-9A-Fa-f){1,5} ^ Group:({Combine:({['0']... ^ {Suppress:(['0']) (1-9)} ^ {Suppress:(['0']) W:(1-9, 0-9){2}} ^ {Suppress:(['0']) '1' W:(0-9){2}} ^ {Suppress:(['0']) '2' W:(0-4, 0-9){2}} ^ {Suppress:(['0']) '25' (0-4)}}) {Suppress:('.') Combine:({['0']... ^ {Suppress:(['0']) (1-9)} ^ {Suppress:(['0']) W:(1-9, 0-9){2}} ^ {Suppress:(['0']) '1' W:(0-9){2}} ^ {Suppress:(['0']) '2' W:(0-4, 0-9){2}} ^ {Suppress:(['0']) '25' (0-4)}})} {Suppress:('.') Combine:({['0']... ^ {Suppress:(['0']) (1-9)} ^ {Suppress:(['0']) W:(1-9, 0-9){2}} ^ {Suppress:(['0']) '1' W:(0-9){2}} ^ {Suppress:(['0']) '2' W:(0-4, 0-9){2}} ^ {Suppress:(['0']) '25' (0-4)}})} {Suppress:('.') Combine:({['0']... ^ {Suppress:(['0']) (1-9)} ^ {Suppress:(['0']) W:(1-9, 0-9){2}} ^ {Suppress:(['0']) '1' W:(0-9){2}} ^ {Suppress:(['0']) '2' W:(0-4, 0-9){2}} ^ {Suppress:(['0']) '25' (0-4)}})}})}, found end of text  (at char 2), (line:1, col:3)

============================================================
Iteration 2 | 8 | 11.4s
Input: "::1'92.0.0.0.0.0.0.0.0.2.33"
Running the IPv6 parser with ipstr: ::1'92.0.0.0.0.0.0.0.0.2.33
An unknown exception has been triggered. Expected end of text, found "'"  (at char 3), (line:1, col:4)
============================================================
TRACEBACK
============================================================
============================================================
Saved bug count report and tracebacks for the bugs encountered!
Final bug count: defaultdict(<class 'int'>, {('bonus', <class 'pyparsing.exceptions.ParseException'>, 'Expected end of text, found "\'"  (at char 3), (line:1, col:4)', 'pyparsing/core.py', 1340): 1})
[STDERR]
Traceback (most recent call last):
  File "ipv6_parser_stv.py", line 219, in <module>
  File "pyparsing/core.py", line 1340, in parse_string
pyparsing.exceptions.ParseException: Expected end of text, found "'"  (at char 3), (line:1, col:4)
Traceback (most recent call last):
  File "ipv6_parser_stv.py", line 219, in <module>
  File "pyparsing/core.py", line 1340, in parse_string
pyparsing.exceptions.ParseException: Expected end of text, found "'"  (at char 3), (line:1, col:4)

============================================================
Iteration 3 | 8 | 23.0s
Input: 'fe80::180::180::180::180::180::180::180::180::1'
Running the IPv6 parser with ipstr: fe80::180::180::180::180::180::180::180::180::1
An unknown exception has been triggered. Expected end of text, found ':'  (at char 9), (line:1, col:10)
============================================================
TRACEBACK
============================================================
============================================================
Saved bug count report and tracebacks for the bugs encountered!
Final bug count: defaultdict(<class 'int'>, {('bonus', <class 'pyparsing.exceptions.ParseException'>, "Expected end of text, found ':'  (at char 9), (line:1, col:10)", 'pyparsing/core.py', 1340): 1})
[STDERR]
Traceback (most recent call last):
  File "ipv6_parser_stv.py", line 219, in <module>
  File "pyparsing/core.py", line 1340, in parse_string
pyparsing.exceptions.ParseException: Expected end of text, found ':'  (at char 9), (line:1, col:10)
Traceback (most recent call last):
  File "ipv6_parser_stv.py", line 219, in <module>
  File "pyparsing/core.py", line 1340, in parse_string
pyparsing.exceptions.ParseException: Expected end of text, found ':'  (at char 9), (line:1, col:10)

============================================================
Iteration 4 | 8 | 34.4s
Input: '::192.0.2.0.2.0./../2.0.2.0.2.0.2.0.2.0.2.0.2.0.2.33'
Running the IPv6 parser with ipstr: ::192.0.2.0.2.0./../2.0.2.0.2.0.2.0.2.0.2.0.2.0.2.33
An unknown exception has been triggered. Expected end of text, found '.'  (at char 11), (line:1, col:12)
============================================================
TRACEBACK
============================================================
============================================================
Saved bug count report and tracebacks for the bugs encountered!
Final bug count: defaultdict(<class 'int'>, {('bonus', <class 'pyparsing.exceptions.ParseException'>, "Expected end of text, found '.'  (at char 11), (line:1, col:12)", 'pyparsing/core.py', 1340): 1})
[STDERR]
Traceback (most recent call last):
  File "ipv6_parser_stv.py", line 219, in <module>
  File "pyparsing/core.py", line 1340, in parse_string
pyparsing.exceptions.ParseException: Expected end of text, found '.'  (at char 11), (line:1, col:12)
Traceback (most recent call last):
  File "ipv6_parser_stv.py", line 219, in <module>
  File "pyparsing/core.py", line 1340, in parse_string
pyparsing.exceptions.ParseException: Expected end of text, found '.'  (at char 11), (line:1, col:12)

============================================================
Iteration 5 | 2 | 45.8s
Input: 'bfa1:c58b:ee3e:14609:dc3c:915b:53a9:12312312312/../3e7'
Running the IPv6 parser with ipstr: bfa1:c58b:ee3e:14609:dc3c:915b:53a9:12312312312/../3e7
An invalidity bug has been triggered: Hex of length more than 4 found.
============================================================
TRACEBACK
============================================================
============================================================
Saved bug count report and tracebacks for the bugs encountered!
Final bug count: defaultdict(<class 'int'>, {('invalidity', <class 'buggy_ipyparse.ipv6_mstv.InvalidityBug'>, 'Hex of length more than 4 found.', 'buggy_ipyparse/ipv6_mstv.py', 93): 1})
[STDERR]
Traceback (most recent call last):
  File "ipv6_parser_stv.py", line 219, in <module>
  File "pyparsing/core.py", line 1328, in parse_string
  File "pyparsing/core.py", line 950, in _parseNoCache
  File "pyparsing/core.py", line 4754, in parseImpl
  File "pyparsing/core.py", line 950, in _parseNoCache
  File "pyparsing/core.py", line 4634, in parseImpl
  File "pyparsing/core.py", line 950, in _parseNoCache
  File "pyparsing/core.py", line 4612, in parseImpl
  File "pyparsing/core.py", line 989, in _parseNoCache
  File "pyparsing/core.py", line 281, in wrapper
  File "buggy_ipyparse/ipv6_mstv.py", line 93, in convert_short
buggy_ipyparse.ipv6_mstv.InvalidityBug: Hex of length more than 4 found.

============================================================
Iteration 6 | 8 | 57.3s
Input: '2001:d}b8:b8:b8:b8::1:2:3:4'
Running the IPv6 parser with ipstr: 2001:d}b8:b8:b8:b8::1:2:3:4
An unknown exception has been triggered. Expected ':', found '}'  (at char 6), (line:1, col:7)
============================================================
TRACEBACK
============================================================
============================================================
Saved bug count report and tracebacks for the bugs encountered!
Final bug count: defaultdict(<class 'int'>, {('bonus', <class 'pyparsing.exceptions.ParseException'>, "Expected ':', found '}'  (at char 6), (line:1, col:7)", 'pyparsing/core.py', 1340): 1})
[STDERR]
Traceback (most recent call last):
  File "ipv6_parser_stv.py", line 219, in <module>
  File "pyparsing/core.py", line 1340, in parse_string
pyparsing.exceptions.ParseException: Expected ':', found '}'  (at char 6), (line:1, col:7)
Traceback (most recent call last):
  File "ipv6_parser_stv.py", line 219, in <module>
  File "pyparsing/core.py", line 1340, in parse_string
pyparsing.exceptions.ParseException: Expected ':', found '}'  (at char 6), (line:1, col:7)
