
============================================================
Iteration 1 | 8 | 0.0s
Input: '10a92:168:6:13ee2:fa79:e8:177ab110724:184ba'
Running the IPv6 parser with ipstr: 10a92:168:6:13ee2:fa79:e8:177ab110724:184ba
An unknown exception has been triggered. Expected ':', found '110724'  (at char 31), (line:1, col:32)
============================================================
TRACEBACK
============================================================
============================================================
Saved bug count report and tracebacks for the bugs encountered!
Final bug count: defaultdict(<class 'int'>, {('bonus', <class 'pyparsing.exceptions.ParseException'>, "Expected ':', found '110724'  (at char 31), (line:1, col:32)", 'pyparsing/core.py', 1340): 1})
[STDERR]
Traceback (most recent call last):
  File "ipv6_parser_stv.py", line 219, in <module>
  File "pyparsing/core.py", line 1340, in parse_string
pyparsing.exceptions.ParseException: Expected ':', found '110724'  (at char 31), (line:1, col:32)
Traceback (most recent call last):
  File "ipv6_parser_stv.py", line 219, in <module>
  File "pyparsing/core.py", line 1340, in parse_string
pyparsing.exceptions.ParseException: Expected ':', found '110724'  (at char 31), (line:1, col:32)

============================================================
Iteration 2 | 2 | 23.4s
Input: '8155:1007f:179d6:10b43:8bb5:4c00:160dc:4599'
Running the IPv6 parser with ipstr: 8155:1007f:179d6:10b43:8bb5:4c00:160dc:4599
An invalidity bug has been triggered: Hex of length more than 4 found.
============================================================
TRACEBACK
============================================================
============================================================
Saved bug count report and tracebacks for the bugs encountered!
Final bug count: defaultdict(<class 'int'>, {('invalidity', <class 'buggy_ipyparse.ipv6_mstv.InvalidityBug'>, 'Hex of length more than 4 found.', 'buggy_ipyparse/ipv6_mstv.py', 93): 1})
[STDERR]
Traceback (most recent call last):
  File "ipv6_parser_stv.py", line 219, in <module>
  File "pyparsing/core.py", line 1328, in parse_string
  File "pyparsing/core.py", line 950, in _parseNoCache
  File "pyparsing/core.py", line 4754, in parseImpl
  File "pyparsing/core.py", line 950, in _parseNoCache
  File "pyparsing/core.py", line 4634, in parseImpl
  File "pyparsing/core.py", line 950, in _parseNoCache
  File "pyparsing/core.py", line 4612, in parseImpl
  File "pyparsing/core.py", line 989, in _parseNoCache
  File "pyparsing/core.py", line 281, in wrapper
  File "buggy_ipyparse/ipv6_mstv.py", line 93, in convert_short
buggy_ipyparse.ipv6_mstv.InvalidityBug: Hex of length more than 4 found.

============================================================
Iteration 3 | 2 | 35.0s
Input: '5a0a:15237:ccbb:25ce:b2d9:b7f8:ed1f:126ad26ad26ad26ad26ad26ad26ad26ad26ad'
Running the IPv6 parser with ipstr: 5a0a:15237:ccbb:25ce:b2d9:b7f8:ed1f:126ad26ad26ad26ad26ad26ad26ad26ad26ad
An invalidity bug has been triggered: Hex of length more than 4 found.
============================================================
TRACEBACK
============================================================
============================================================
Saved bug count report and tracebacks for the bugs encountered!
Final bug count: defaultdict(<class 'int'>, {('invalidity', <class 'buggy_ipyparse.ipv6_mstv.InvalidityBug'>, 'Hex of length more than 4 found.', 'buggy_ipyparse/ipv6_mstv.py', 93): 1})
[STDERR]
Traceback (most recent call last):
  File "ipv6_parser_stv.py", line 219, in <module>
  File "pyparsing/core.py", line 1328, in parse_string
  File "pyparsing/core.py", line 950, in _parseNoCache
  File "pyparsing/core.py", line 4754, in parseImpl
  File "pyparsing/core.py", line 950, in _parseNoCache
  File "pyparsing/core.py", line 4634, in parseImpl
  File "pyparsing/core.py", line 950, in _parseNoCache
  File "pyparsing/core.py", line 4612, in parseImpl
  File "pyparsing/core.py", line 989, in _parseNoCache
  File "pyparsing/core.py", line 281, in wrapper
  File "buggy_ipyparse/ipv6_mstv.py", line 93, in convert_short
buggy_ipyparse.ipv6_mstv.InvalidityBug: Hex of length more than 4 found.

============================================================
Iteration 4 | 8 | 46.7s
Input: '1730e:26ae:2461:4466*:16a80:fc98:1961:16bcf'
Running the IPv6 parser with ipstr: 1730e:26ae:2461:4466*:16a80:fc98:1961:16bcf
An unknown exception has been triggered. Expected ':', found '*'  (at char 20), (line:1, col:21)
============================================================
TRACEBACK
============================================================
============================================================
Saved bug count report and tracebacks for the bugs encountered!
Final bug count: defaultdict(<class 'int'>, {('bonus', <class 'pyparsing.exceptions.ParseException'>, "Expected ':', found '*'  (at char 20), (line:1, col:21)", 'pyparsing/core.py', 1340): 1})
[STDERR]
Traceback (most recent call last):
  File "ipv6_parser_stv.py", line 219, in <module>
  File "pyparsing/core.py", line 1340, in parse_string
pyparsing.exceptions.ParseException: Expected ':', found '*'  (at char 20), (line:1, col:21)
Traceback (most recent call last):
  File "ipv6_parser_stv.py", line 219, in <module>
  File "pyparsing/core.py", line 1340, in parse_string
pyparsing.exceptions.ParseException: Expected ':', found '*'  (at char 20), (line:1, col:21)

============================================================
Iteration 5 | 2 | 62.3s
Input: '60e:71f:d3ce:df1d:135f9:12d02:d442:17e89'
Running the IPv6 parser with ipstr: 60e:71f:d3ce:df1d:135f9:12d02:d442:17e89
An invalidity bug has been triggered: Hex of length more than 4 found.
============================================================
TRACEBACK
============================================================
============================================================
Saved bug count report and tracebacks for the bugs encountered!
Final bug count: defaultdict(<class 'int'>, {('invalidity', <class 'buggy_ipyparse.ipv6_mstv.InvalidityBug'>, 'Hex of length more than 4 found.', 'buggy_ipyparse/ipv6_mstv.py', 93): 1})
[STDERR]
Traceback (most recent call last):
  File "ipv6_parser_stv.py", line 219, in <module>
  File "pyparsing/core.py", line 1328, in parse_string
  File "pyparsing/core.py", line 950, in _parseNoCache
  File "pyparsing/core.py", line 4754, in parseImpl
  File "pyparsing/core.py", line 950, in _parseNoCache
  File "pyparsing/core.py", line 4634, in parseImpl
  File "pyparsing/core.py", line 950, in _parseNoCache
  File "pyparsing/core.py", line 4612, in parseImpl
  File "pyparsing/core.py", line 989, in _parseNoCache
  File "pyparsing/core.py", line 281, in wrapper
  File "buggy_ipyparse/ipv6_mstv.py", line 93, in convert_short
buggy_ipyparse.ipv6_mstv.InvalidityBug: Hex of length more than 4 found.
