
============================================================
Iteration 1 | 4 | 0.0s
Input: '0.0.0.4'
Running the IPv4 parser with ipstr: 0.0.0.4
A functional bug has been triggered: Invalid ipv4 calculation.
============================================================
TRACEBACK
============================================================
============================================================
Saved bug count report and tracebacks for the bugs encountered!
Final bug count: defaultdict(<class 'int'>, {('functional', <class 'buggy_ipyparse.ipv4_stv.FunctionalBug'>, 'Invalid ipv4 calculation.', 'buggy_ipyparse/ipv4_stv.py', 134): 1})
[STDERR]
Traceback (most recent call last):
  File "ipv4_parser_stv.py", line 220, in <module>
  File "pyparsing/core.py", line 1328, in parse_string
  File "pyparsing/core.py", line 989, in _parseNoCache
  File "pyparsing/core.py", line 284, in wrapper
  File "buggy_ipyparse/ipv4_stv.py", line 134, in convert_ipv4
buggy_ipyparse.ipv4_stv.FunctionalBug: Invalid ipv4 calculation.

============================================================
Iteration 2 | 2 | 11.6s
Input: '10.0e.0.1'
Running the IPv4 parser with ipstr: 10.0e.0.1
============================================================
TRACEBACK
============================================================
============================================================
Saved bug count report and tracebacks for the bugs encountered!
Final bug count: defaultdict(<class 'int'>, {('invalidity', <class 'pyparsing.exceptions.ParseException'>, "Expected '.', found 'e'  (at char 4), (line:1, col:5)", 'pyparsing/core.py', 1340): 1})
[STDERR]
Traceback (most recent call last):
  File "ipv4_parser_stv.py", line 220, in <module>
  File "pyparsing/core.py", line 1340, in parse_string
pyparsing.exceptions.ParseException: Expected '.', found 'e'  (at char 4), (line:1, col:5)

============================================================
Iteration 3 | 6 | 24.1s
Input: '10.255.255.25'
Running the IPv4 parser with ipstr: 10.255.255.25
============================================================
TRACEBACK
============================================================
============================================================
A validity bug has been triggered: Expected '.', found '5'  (at char 5), (line:1, col:6)
Saved bug count report and tracebacks for the bugs encountered!
Final bug count: defaultdict(<class 'int'>, {('validity', <class 'pyparsing.exceptions.ParseException'>, "Expected '.', found '5'  (at char 5), (line:1, col:6)", 'pyparsing/core.py', 1340): 1})
[STDERR]
Traceback (most recent call last):
  File "ipv4_parser_stv.py", line 220, in <module>
  File "pyparsing/core.py", line 1340, in parse_string
pyparsing.exceptions.ParseException: Expected '.', found '5'  (at char 5), (line:1, col:6)

============================================================
Iteration 4 | 2 | 36.0s
Input: '22[4.0.0000000.1'
Running the IPv4 parser with ipstr: 22[4.0.0000000.1
============================================================
TRACEBACK
============================================================
============================================================
Saved bug count report and tracebacks for the bugs encountered!
Final bug count: defaultdict(<class 'int'>, {('invalidity', <class 'pyparsing.exceptions.ParseException'>, "Expected '.', found '['  (at char 2), (line:1, col:3)", 'pyparsing/core.py', 1340): 1})
[STDERR]
Traceback (most recent call last):
  File "ipv4_parser_stv.py", line 220, in <module>
  File "pyparsing/core.py", line 1340, in parse_string
pyparsing.exceptions.ParseException: Expected '.', found '['  (at char 2), (line:1, col:3)

============================================================
Iteration 5 | 6 | 48.3s
Input: '239.255.?255.255'
Running the IPv4 parser with ipstr: 239.255.?255.255
============================================================
TRACEBACK
============================================================
============================================================
A validity bug has been triggered: Expected '.', found '5'  (at char 6), (line:1, col:7)
Saved bug count report and tracebacks for the bugs encountered!
Final bug count: defaultdict(<class 'int'>, {('validity', <class 'pyparsing.exceptions.ParseException'>, "Expected '.', found '5'  (at char 6), (line:1, col:7)", 'pyparsing/core.py', 1340): 1})
[STDERR]
Traceback (most recent call last):
  File "ipv4_parser_stv.py", line 220, in <module>
  File "pyparsing/core.py", line 1340, in parse_string
pyparsing.exceptions.ParseException: Expected '.', found '5'  (at char 6), (line:1, col:7)

============================================================
Iteration 6 | 6 | 60.2s
Input: '239.255.?\n255.255'
Running the IPv4 parser with ipstr: 239.255.?
255.255
============================================================
TRACEBACK
============================================================
============================================================
A validity bug has been triggered: Expected '.', found '5'  (at char 6), (line:1, col:7)
Saved bug count report and tracebacks for the bugs encountered!
Final bug count: defaultdict(<class 'int'>, {('validity', <class 'pyparsing.exceptions.ParseException'>, "Expected '.', found '5'  (at char 6), (line:1, col:7)", 'pyparsing/core.py', 1340): 1})
[STDERR]
Traceback (most recent call last):
  File "ipv4_parser_stv.py", line 220, in <module>
  File "pyparsing/core.py", line 1340, in parse_string
pyparsing.exceptions.ParseException: Expected '.', found '5'  (at char 6), (line:1, col:7)
