
============================================================
Iteration 1 | 2 | 0.0s
Input: '159.18.'
Running the IPv4 parser with ipstr: 159.18.
An invalidity bug has been triggered: One of the octets are empty
============================================================
TRACEBACK
============================================================
============================================================
Saved bug count report and tracebacks for the bugs encountered!
Final bug count: defaultdict(<class 'int'>, {('invalidity', <class 'buggy_ipyparse.ipv4_stv.InvalidityBug'>, 'One of the octets are empty', 'buggy_ipyparse/ipv4_stv.py', 80): 1})
[STDERR]
Traceback (most recent call last):
  File "ipv4_parser_stv.py", line 220, in <module>
  File "pyparsing/core.py", line 1328, in parse_string
  File "pyparsing/core.py", line 950, in _parseNoCache
  File "pyparsing/core.py", line 5155, in parseImpl
  File "pyparsing/core.py", line 950, in _parseNoCache
  File "pyparsing/core.py", line 4634, in parseImpl
  File "pyparsing/core.py", line 950, in _parseNoCache
  File "pyparsing/core.py", line 4634, in parseImpl
  File "pyparsing/core.py", line 989, in _parseNoCache
  File "pyparsing/core.py", line 281, in wrapper
  File "buggy_ipyparse/ipv4_stv.py", line 80, in convert_octet
buggy_ipyparse.ipv4_stv.InvalidityBug: One of the octets are empty

============================================================
Iteration 2 | 2 | 11.6s
Input: '295.842.638.68'
Running the IPv4 parser with ipstr: 295.842.638.68
============================================================
TRACEBACK
============================================================
============================================================
Saved bug count report and tracebacks for the bugs encountered!
Final bug count: defaultdict(<class 'int'>, {('invalidity', <class 'pyparsing.exceptions.ParseException'>, "Expected '.', found '5'  (at char 2), (line:1, col:3)", 'pyparsing/core.py', 1340): 1})
[STDERR]
Traceback (most recent call last):
  File "ipv4_parser_stv.py", line 220, in <module>
  File "pyparsing/core.py", line 1340, in parse_string
pyparsing.exceptions.ParseException: Expected '.', found '5'  (at char 2), (line:1, col:3)

============================================================
Iteration 3 | 2 | 23.2s
Input: '23'
Running the IPv4 parser with ipstr: 23
============================================================
TRACEBACK
============================================================
============================================================
Saved bug count report and tracebacks for the bugs encountered!
Final bug count: defaultdict(<class 'int'>, {('invalidity', <class 'pyparsing.exceptions.ParseException'>, "Expected '.', found end of text  (at char 2), (line:1, col:3)", 'pyparsing/core.py', 1340): 1})
[STDERR]
Traceback (most recent call last):
  File "pyparsing/core.py", line 950, in _parseNoCache
  File "pyparsing/core.py", line 2771, in parseImpl
IndexError: string index out of range

During handling of the above exception, another exception occurred:

Traceback (most recent call last):
  File "ipv4_parser_stv.py", line 220, in <module>
  File "pyparsing/core.py", line 1340, in parse_string
pyparsing.exceptions.ParseException: Expected '.', found end of text  (at char 2), (line:1, col:3)

============================================================
Iteration 4 | 2 | 35.3s
Input: '961./../660.237.494'
Running the IPv4 parser with ipstr: 961./../660.237.494
============================================================
TRACEBACK
============================================================
============================================================
Saved bug count report and tracebacks for the bugs encountered!
Final bug count: defaultdict(<class 'int'>, {('invalidity', <class 'pyparsing.exceptions.ParseException'>, "Expected '.', found '1'  (at char 2), (line:1, col:3)", 'pyparsing/core.py', 1340): 1})
[STDERR]
Traceback (most recent call last):
  File "ipv4_parser_stv.py", line 220, in <module>
  File "pyparsing/core.py", line 1340, in parse_string
pyparsing.exceptions.ParseException: Expected '.', found '1'  (at char 2), (line:1, col:3)

============================================================
Iteration 5 | 2 | 47.1s
Input: '285.942.62.62.62.62.62.62.62.62.62.638.68'
Running the IPv4 parser with ipstr: 285.942.62.62.62.62.62.62.62.62.62.638.68
============================================================
TRACEBACK
============================================================
============================================================
Saved bug count report and tracebacks for the bugs encountered!
Final bug count: defaultdict(<class 'int'>, {('invalidity', <class 'pyparsing.exceptions.ParseException'>, "Expected '.', found '5'  (at char 2), (line:1, col:3)", 'pyparsing/core.py', 1340): 1})
[STDERR]
Traceback (most recent call last):
  File "ipv4_parser_stv.py", line 220, in <module>
  File "pyparsing/core.py", line 1340, in parse_string
pyparsing.exceptions.ParseException: Expected '.', found '5'  (at char 2), (line:1, col:3)

============================================================
Iteration 6 | 2 | 58.5s
Input: '37.126.36'
Running the IPv4 parser with ipstr: 37.126.36
============================================================
TRACEBACK
============================================================
============================================================
Saved bug count report and tracebacks for the bugs encountered!
Final bug count: defaultdict(<class 'int'>, {('invalidity', <class 'pyparsing.exceptions.ParseException'>, "Expected '.', found end of text  (at char 9), (line:1, col:10)", 'pyparsing/core.py', 1340): 1})
[STDERR]
Traceback (most recent call last):
  File "pyparsing/core.py", line 950, in _parseNoCache
  File "pyparsing/core.py", line 2771, in parseImpl
IndexError: string index out of range

During handling of the above exception, another exception occurred:

Traceback (most recent call last):
  File "ipv4_parser_stv.py", line 220, in <module>
  File "pyparsing/core.py", line 1340, in parse_string
pyparsing.exceptions.ParseException: Expected '.', found end of text  (at char 9), (line:1, col:10)
