
============================================================
Iteration 1 | 6 | 0.0s
Input: '0.0.9999999999999999999999990.0/0'
Running cidrize function with the arguments: ipstr: 0.0.9999999999999999999999990.0/0 strict: False raise-errors: False
Output: ['invalid IPNetwork 0.0.9999999999999999999999990.0/0']
No bugs found. Skipping CSV creation
Final bug count: defaultdict(<class 'int'>, {})
Saved bug count report and tracebacks for the bugs encountered!

============================================================
Iteration 2 | 4 | 11.4s
Input: '10.0.0.[1-9]'
Running cidrize function with the arguments: ipstr: 10.0.0.[1-9] strict: False raise-errors: False
A functional bug has been triggered: 1-indexing used instead of 0-indexing.
============================================================
TRACEBACK
============================================================
============================================================
Final bug count: defaultdict(<class 'int'>, {('functional', <class 'buggy_cidrize.cidrize_stv.FunctionalBug'>, '1-indexing used instead of 0-indexing.', 'buggy_cidrize/cidrize_stv.py', 240): 1})
Saved bug count report and tracebacks for the bugs encountered!
[STDERR]
Traceback (most recent call last):
  File "cidrize_runner_stv.py", line 247, in <module>
  File "buggy_cidrize/cidrize_stv.py", line 474, in cidrize
  File "buggy_cidrize/cidrize_stv.py", line 240, in parse_brackets
buggy_cidrize.cidrize_stv.FunctionalBug: 1-indexing used instead of 0-indexing.

============================================================
Iteration 3 | 6 | 22.8s
Input: '144.142.846.306/39'
Running cidrize function with the arguments: ipstr: 144.142.846.306/39 strict: False raise-errors: False
Output: ['invalid IPNetwork 144.142.846.306/39']
No bugs found. Skipping CSV creation
Final bug count: defaultdict(<class 'int'>, {})
Saved bug count report and tracebacks for the bugs encountered!

============================================================
Iteration 4 | 6 | 34.5s
Input: '127.00000000.0.1'
Running cidrize function with the arguments: ipstr: 127.00000000.0.1 strict: False raise-errors: False
Output: ['invalid IPNetwork 127.00000000.0.1']
No bugs found. Skipping CSV creation
Final bug count: defaultdict(<class 'int'>, {})
Saved bug count report and tracebacks for the bugs encountered!
