
============================================================
Iteration 1 | 6 | 0.0s
Input: '10.0.0.[1]9-'
Running cidrize function with the arguments: ipstr: 10.0.0.[1]9- strict: False raise-errors: False
Output: ['invalid IPNetwork 10.0.0.[1]9-']
No bugs found. Skipping CSV creation
Final bug count: defaultdict(<class 'int'>, {})
Saved bug count report and tracebacks for the bugs encountered!

============================================================
Iteration 2 | 4 | 11.5s
Input: '192.0.2.8[08[08[08[08[08[0-5]'
Running cidrize function with the arguments: ipstr: 192.0.2.8[08[08[08[08[08[0-5] strict: False raise-errors: False
A functional bug has been triggered: 1-indexing used instead of 0-indexing.
============================================================
TRACEBACK
============================================================
============================================================
Final bug count: defaultdict(<class 'int'>, {('functional', <class 'buggy_cidrize.cidrize_stv.FunctionalBug'>, '1-indexing used instead of 0-indexing.', 'buggy_cidrize/cidrize_stv.py', 240): 1})
Saved bug count report and tracebacks for the bugs encountered!
[STDERR]
Traceback (most recent call last):
  File "cidrize_runner_stv.py", line 247, in <module>
  File "buggy_cidrize/cidrize_stv.py", line 474, in cidrize
  File "buggy_cidrize/cidrize_stv.py", line 240, in parse_brackets
buggy_cidrize.cidrize_stv.FunctionalBug: 1-indexing used instead of 0-indexing.

============================================================
Iteration 3 | 6 | 23.1s
Input: '10.0.0.1-q0.0.0.10'
Running cidrize function with the arguments: ipstr: 10.0.0.1-q0.0.0.10 strict: False raise-errors: False
Output: ['invalid IPNetwork 10.0.0.1-q0.0.0.10']
No bugs found. Skipping CSV creation
Final bug count: defaultdict(<class 'int'>, {})
Saved bug count report and tracebacks for the bugs encountered!

============================================================
Iteration 4 | 6 | 34.9s
Input: '192.9999999999999999999999990.20.64/26'
Running cidrize function with the arguments: ipstr: 192.9999999999999999999999990.20.64/26 strict: False raise-errors: False
Output: ['invalid IPNetwork 192.9999999999999999999999990.20.64/26']
No bugs found. Skipping CSV creation
Final bug count: defaultdict(<class 'int'>, {})
Saved bug count report and tracebacks for the bugs encountered!

============================================================
Iteration 5 | 6 | 46.5s
Input: '169.2569.254.0.1'
Running cidrize function with the arguments: ipstr: 169.2569.254.0.1 strict: False raise-errors: False
Output: ['invalid IPNetwork 169.2569.254.0.1']
No bugs found. Skipping CSV creation
Final bug count: defaultdict(<class 'int'>, {})
Saved bug count report and tracebacks for the bugs encountered!
