
============================================================
Iteration 1 | 6 | 0.0s
Input: '084.129.190.265/16'
Running cidrize function with the arguments: ipstr: 084.129.190.265/16 strict: False raise-errors: False
Output: ['invalid IPNetwork 084.129.190.265/16']
No bugs found. Skipping CSV creation
Final bug count: defaultdict(<class 'int'>, {})
Saved bug count report and tracebacks for the bugs encountered!

============================================================
Iteration 2 | 6 | 11.3s
Input: '285.70/.791.204723'
Running cidrize function with the arguments: ipstr: 285.70/.791.204723 strict: False raise-errors: False
Output: ['invalid IPNetwork 285.70/.791.204723']
No bugs found. Skipping CSV creation
Final bug count: defaultdict(<class 'int'>, {})
Saved bug count report and tracebacks for the bugs encountered!

============================================================
Iteration 3 | 6 | 11.3s
Input: '192.192.192.192.192.192\x00.192.192.192.0.20.64/26'

============================================================
Iteration 4 | 6 | 22.8s
Input: '407.22222222241.227."926/14'
Running cidrize function with the arguments: ipstr: 407.22222222241.227."926/14 strict: False raise-errors: False
Output: ['invalid IPNetwork 407.22222222241.227."926/14']
No bugs found. Skipping CSV creation
Final bug count: defaultdict(<class 'int'>, {})
Saved bug count report and tracebacks for the bugs encountered!

============================================================
Iteration 5 | 6 | 34.3s
Input: '204.513.169.74/11'
Running cidrize function with the arguments: ipstr: 204.513.169.74/11 strict: False raise-errors: False
Output: ['invalid IPNetwork 204.513.169.74/11']
No bugs found. Skipping CSV creation
Final bug count: defaultdict(<class 'int'>, {})
Saved bug count report and tracebacks for the bugs encountered!
