
============================================================
Iteration 1 | 6 | 0.0s
Input: '192.'
Running cidrize function with the arguments: ipstr: 192. strict: False raise-errors: False
Output: ['invalid IPNetwork 192.']
No bugs found. Skipping CSV creation
Final bug count: defaultdict(<class 'int'>, {})
Saved bug count report and tracebacks for the bugs encountered!

============================================================
Iteration 2 | 4 | 11.6s
Input: '192.0.2.8[0-5]'
Running cidrize function with the arguments: ipstr: 192.0.2.8[0-5] strict: False raise-errors: False
A functional bug has been triggered: 1-indexing used instead of 0-indexing.
============================================================
TRACEBACK
============================================================
============================================================
Final bug count: defaultdict(<class 'int'>, {('functional', <class 'buggy_cidrize.cidrize_stv.FunctionalBug'>, '1-indexing used instead of 0-indexing.', 'buggy_cidrize/cidrize_stv.py', 240): 1})
Saved bug count report and tracebacks for the bugs encountered!
[STDERR]
Traceback (most recent call last):
  File "cidrize_runner_stv.py", line 247, in <module>
  File "buggy_cidrize/cidrize_stv.py", line 474, in cidrize
  File "buggy_cidrize/cidrize_stv.py", line 240, in parse_brackets
buggy_cidrize.cidrize_stv.FunctionalBug: 1-indexing used instead of 0-indexing.

============================================================
Iteration 3 | 6 | 25.2s
Input: '/92.0.20.64126'
Running cidrize function with the arguments: ipstr: /92.0.20.64126 strict: False raise-errors: False
Output: ['invalid IPNetwork /92.0.20.64126']
No bugs found. Skipping CSV creation
Final bug count: defaultdict(<class 'int'>, {})
Saved bug count report and tracebacks for the bugs encountered!

============================================================
Iteration 4 | 4 | 36.8s
Input: '192.0.2.[5678]'
Running cidrize function with the arguments: ipstr: 192.0.2.[5678] strict: False raise-errors: False
A functional bug has been triggered: 1-indexing used instead of 0-indexing.
============================================================
TRACEBACK
============================================================
============================================================
Final bug count: defaultdict(<class 'int'>, {('functional', <class 'buggy_cidrize.cidrize_stv.FunctionalBug'>, '1-indexing used instead of 0-indexing.', 'buggy_cidrize/cidrize_stv.py', 240): 1})
Saved bug count report and tracebacks for the bugs encountered!
[STDERR]
Traceback (most recent call last):
  File "cidrize_runner_stv.py", line 247, in <module>
  File "buggy_cidrize/cidrize_stv.py", line 474, in cidrize
  File "buggy_cidrize/cidrize_stv.py", line 240, in parse_brackets
buggy_cidrize.cidrize_stv.FunctionalBug: 1-indexing used instead of 0-indexing.

============================================================
Iteration 5 | 6 | 48.3s
Input: '224.0.0.1'
Running cidrize function with the arguments: ipstr: 224.0.0.1 strict: False raise-errors: False
Output: [IPNetwork('224.0.0.1/32')]
No bugs found. Skipping CSV creation
Final bug count: defaultdict(<class 'int'>, {})
Saved bug count report and tracebacks for the bugs encountered!

============================================================
Iteration 6 | 6 | 60.3s
Input: '12..0.071'
Running cidrize function with the arguments: ipstr: 12..0.071 strict: False raise-errors: False
Output: ['invalid IPNetwork 12..0.071']
No bugs found. Skipping CSV creation
Final bug count: defaultdict(<class 'int'>, {})
Saved bug count report and tracebacks for the bugs encountered!

============================================================
Iteration 7 | 6 | 74.3s
Input: '192.0.2.170-175'
Running cidrize function with the arguments: ipstr: 192.0.2.170-175 strict: False raise-errors: False
Output: [IPNetwork('192.0.2.168/29')]
No bugs found. Skipping CSV creation
Final bug count: defaultdict(<class 'int'>, {})
Saved bug count report and tracebacks for the bugs encountered!

============================================================
Iteration 8 | 6 | 85.7s
Input: '1.29'
Running cidrize function with the arguments: ipstr: 1.29 strict: False raise-errors: False
Output: ['invalid IPNetwork 1.29']
No bugs found. Skipping CSV creation
Final bug count: defaultdict(<class 'int'>, {})
Saved bug count report and tracebacks for the bugs encountered!

============================================================
Iteration 9 | 6 | 97.0s
Input: '0.0.0.0/0/../00000000'
Running cidrize function with the arguments: ipstr: 0.0.0.0/0/../00000000 strict: False raise-errors: False
Output: ['IPAddress() does not support netmasks or subnet prefixes! See documentation for details.']
No bugs found. Skipping CSV creation
Final bug count: defaultdict(<class 'int'>, {})
Saved bug count report and tracebacks for the bugs encountered!
