
============================================================
Iteration 1 | 2 | 0.0s
Input: '72.965.72.96||5.72.965.72.965.72.965.72.965.72.965.727.650'
Running the IPv4 parser with ipstr: 72.965.72.96||5.72.965.72.965.72.965.72.965.72.965.727.650
============================================================
TRACEBACK
============================================================
============================================================
Saved bug count report and tracebacks for the bugs encountered!
Final bug count: defaultdict(<class 'int'>, {('invalidity', <class 'pyparsing.exceptions.ParseException'>, "Expected '.', found '5'  (at char 5), (line:1, col:6)", 'pyparsing/core.py', 1340): 1})
[STDERR]
Traceback (most recent call last):
  File "ipv4_parser_stv.py", line 220, in <module>
  File "pyparsing/core.py", line 1340, in parse_string
pyparsing.exceptions.ParseException: Expected '.', found '5'  (at char 5), (line:1, col:6)

============================================================
Iteration 2 | 2 | 11.4s
Input: '90.2.958.1921'
Running the IPv4 parser with ipstr: 90.2.958.1921
============================================================
TRACEBACK
============================================================
============================================================
Saved bug count report and tracebacks for the bugs encountered!
Final bug count: defaultdict(<class 'int'>, {('invalidity', <class 'pyparsing.exceptions.ParseException'>, "Expected '.', found '8'  (at char 7), (line:1, col:8)", 'pyparsing/core.py', 1340): 1})
[STDERR]
Traceback (most recent call last):
  File "ipv4_parser_stv.py", line 220, in <module>
  File "pyparsing/core.py", line 1340, in parse_string
pyparsing.exceptions.ParseException: Expected '.', found '8'  (at char 7), (line:1, col:8)

============================================================
Iteration 3 | 2 | 22.8s
Input: '72.965.72.96||5.72.965.72.965.72.965.7r2.965.72.965.727.650'
Running the IPv4 parser with ipstr: 72.965.72.96||5.72.965.72.965.72.965.7r2.965.72.965.727.650
============================================================
TRACEBACK
============================================================
============================================================
Saved bug count report and tracebacks for the bugs encountered!
Final bug count: defaultdict(<class 'int'>, {('invalidity', <class 'pyparsing.exceptions.ParseException'>, "Expected '.', found '5'  (at char 5), (line:1, col:6)", 'pyparsing/core.py', 1340): 1})
[STDERR]
Traceback (most recent call last):
  File "ipv4_parser_stv.py", line 220, in <module>
  File "pyparsing/core.py", line 1340, in parse_string
pyparsing.exceptions.ParseException: Expected '.', found '5'  (at char 5), (line:1, col:6)

============================================================
Iteration 4 | 2 | 34.4s
Input: '72.965.72.96|6|6|6|6||5.72.965.72.965.72.965.72.965.72.965.727.650'
Running the IPv4 parser with ipstr: 72.965.72.96|6|6|6|6||5.72.965.72.965.72.965.72.965.72.965.727.650
============================================================
TRACEBACK
============================================================
============================================================
Saved bug count report and tracebacks for the bugs encountered!
Final bug count: defaultdict(<class 'int'>, {('invalidity', <class 'pyparsing.exceptions.ParseException'>, "Expected '.', found '5'  (at char 5), (line:1, col:6)", 'pyparsing/core.py', 1340): 1})
[STDERR]
Traceback (most recent call last):
  File "ipv4_parser_stv.py", line 220, in <module>
  File "pyparsing/core.py", line 1340, in parse_string
pyparsing.exceptions.ParseException: Expected '.', found '5'  (at char 5), (line:1, col:6)

============================================================
Iteration 5 | 2 | 46.1s
Input: '195.32.834.181'
Running the IPv4 parser with ipstr: 195.32.834.181
============================================================
TRACEBACK
============================================================
============================================================
Saved bug count report and tracebacks for the bugs encountered!
Final bug count: defaultdict(<class 'int'>, {('invalidity', <class 'pyparsing.exceptions.ParseException'>, "Expected '.', found '4'  (at char 9), (line:1, col:10)", 'pyparsing/core.py', 1340): 1})
[STDERR]
Traceback (most recent call last):
  File "ipv4_parser_stv.py", line 220, in <module>
  File "pyparsing/core.py", line 1340, in parse_string
pyparsing.exceptions.ParseException: Expected '.', found '4'  (at char 9), (line:1, col:10)

============================================================
Iteration 6 | 2 | 57.6s
Input: '619.947.501.4499'
Running the IPv4 parser with ipstr: 619.947.501.4499
============================================================
TRACEBACK
============================================================
============================================================
Saved bug count report and tracebacks for the bugs encountered!
Final bug count: defaultdict(<class 'int'>, {('invalidity', <class 'pyparsing.exceptions.ParseException'>, "Expected '.', found '9'  (at char 2), (line:1, col:3)", 'pyparsing/core.py', 1340): 1})
[STDERR]
Traceback (most recent call last):
  File "ipv4_parser_stv.py", line 220, in <module>
  File "pyparsing/core.py", line 1340, in parse_string
pyparsing.exceptions.ParseException: Expected '.', found '9'  (at char 2), (line:1, col:3)
