
============================================================
Iteration 1 | 8 | 0.0s
Input: '148df:b317:1864c:6aa3:ef6'
Running the IPv6 parser with ipstr: 148df:b317:1864c:6aa3:ef6
An unknown exception has been triggered. Expected ':', found end of text  (at char 25), (line:1, col:26)
============================================================
TRACEBACK
============================================================
============================================================
Saved bug count report and tracebacks for the bugs encountered!
Final bug count: defaultdict(<class 'int'>, {('bonus', <class 'pyparsing.exceptions.ParseException'>, "Expected ':', found end of text  (at char 25), (line:1, col:26)", 'pyparsing/core.py', 1340): 1})
[STDERR]
Traceback (most recent call last):
  File "pyparsing/core.py", line 950, in _parseNoCache
  File "pyparsing/core.py", line 2771, in parseImpl
IndexError: string index out of range

During handling of the above exception, another exception occurred:

Traceback (most recent call last):
  File "ipv6_parser_stv.py", line 219, in <module>
  File "pyparsing/core.py", line 1340, in parse_string
pyparsing.exceptions.ParseException: Expected ':', found end of text  (at char 25), (line:1, col:26)
Traceback (most recent call last):
  File "pyparsing/core.py", line 950, in _parseNoCache
  File "pyparsing/core.py", line 2771, in parseImpl
IndexError: string index out of range

During handling of the above exception, another exception occurred:

Traceback (most recent call last):
  File "ipv6_parser_stv.py", line 219, in <module>
  File "pyparsing/core.py", line 1340, in parse_string
pyparsing.exceptions.ParseException: Expected ':', found end of text  (at char 25), (line:1, col:26)

============================================================
Iteration 2 | 8 | 12.3s
Input: '144e8:a52a:10949:9'
Running the IPv6 parser with ipstr: 144e8:a52a:10949:9
An unknown exception has been triggered. Expected ':', found end of text  (at char 18), (line:1, col:19)
============================================================
TRACEBACK
============================================================
============================================================
Saved bug count report and tracebacks for the bugs encountered!
Final bug count: defaultdict(<class 'int'>, {('bonus', <class 'pyparsing.exceptions.ParseException'>, "Expected ':', found end of text  (at char 18), (line:1, col:19)", 'pyparsing/core.py', 1340): 1})
[STDERR]
Traceback (most recent call last):
  File "pyparsing/core.py", line 950, in _parseNoCache
  File "pyparsing/core.py", line 2771, in parseImpl
IndexError: string index out of range

During handling of the above exception, another exception occurred:

Traceback (most recent call last):
  File "ipv6_parser_stv.py", line 219, in <module>
  File "pyparsing/core.py", line 1340, in parse_string
pyparsing.exceptions.ParseException: Expected ':', found end of text  (at char 18), (line:1, col:19)
Traceback (most recent call last):
  File "pyparsing/core.py", line 950, in _parseNoCache
  File "pyparsing/core.py", line 2771, in parseImpl
IndexError: string index out of range

During handling of the above exception, another exception occurred:

Traceback (most recent call last):
  File "ipv6_parser_stv.py", line 219, in <module>
  File "pyparsing/core.py", line 1340, in parse_string
pyparsing.exceptions.ParseException: Expected ':', found end of text  (at char 18), (line:1, col:19)

============================================================
Iteration 3 | 2 | 24.0s
Input: '1b6d:af5a:10063:5342:17af6:1798f:4883:720b'
Running the IPv6 parser with ipstr: 1b6d:af5a:10063:5342:17af6:1798f:4883:720b
An invalidity bug has been triggered: Hex of length more than 4 found.
============================================================
TRACEBACK
============================================================
============================================================
Saved bug count report and tracebacks for the bugs encountered!
Final bug count: defaultdict(<class 'int'>, {('invalidity', <class 'buggy_ipyparse.ipv6_mstv.InvalidityBug'>, 'Hex of length more than 4 found.', 'buggy_ipyparse/ipv6_mstv.py', 93): 1})
[STDERR]
Traceback (most recent call last):
  File "ipv6_parser_stv.py", line 219, in <module>
  File "pyparsing/core.py", line 1328, in parse_string
  File "pyparsing/core.py", line 950, in _parseNoCache
  File "pyparsing/core.py", line 4754, in parseImpl
  File "pyparsing/core.py", line 950, in _parseNoCache
  File "pyparsing/core.py", line 4634, in parseImpl
  File "pyparsing/core.py", line 950, in _parseNoCache
  File "pyparsing/core.py", line 4612, in parseImpl
  File "pyparsing/core.py", line 989, in _parseNoCache
  File "pyparsing/core.py", line 281, in wrapper
  File "buggy_ipyparse/ipv6_mstv.py", line 93, in convert_short
buggy_ipyparse.ipv6_mstv.InvalidityBug: Hex of length more than 4 found.

============================================================
Iteration 4 | 8 | 47.8s
Input: 'd22b:14f16:7020:17f07f01:15574:aab1:665f:157bc'
Running the IPv6 parser with ipstr: d22b:14f16:7020:17f07f01:15574:aab1:665f:157bc
An unknown exception has been triggered. Expected ':', found 'f01'  (at char 21), (line:1, col:22)
============================================================
TRACEBACK
============================================================
============================================================
Saved bug count report and tracebacks for the bugs encountered!
Final bug count: defaultdict(<class 'int'>, {('bonus', <class 'pyparsing.exceptions.ParseException'>, "Expected ':', found 'f01'  (at char 21), (line:1, col:22)", 'pyparsing/core.py', 1340): 1})
[STDERR]
Traceback (most recent call last):
  File "ipv6_parser_stv.py", line 219, in <module>
  File "pyparsing/core.py", line 1340, in parse_string
pyparsing.exceptions.ParseException: Expected ':', found 'f01'  (at char 21), (line:1, col:22)
Traceback (most recent call last):
  File "ipv6_parser_stv.py", line 219, in <module>
  File "pyparsing/core.py", line 1340, in parse_string
pyparsing.exceptions.ParseException: Expected ':', found 'f01'  (at char 21), (line:1, col:22)
