
============================================================
Iteration 1 | 6 | 0.0s
Input: '1.2.3G.4'
Running cidrize function with the arguments: ipstr: 1.2.3G.4 strict: False raise-errors: False
Output: ['invalid IPNetwork 1.2.3G.4']
No bugs found. Skipping CSV creation
Final bug count: defaultdict(<class 'int'>, {})
Saved bug count report and tracebacks for the bugs encountered!

============================================================
Iteration 2 | 6 | 13.9s
Input: '895.479.974.555/69'
Running cidrize function with the arguments: ipstr: 895.479.974.555/69 strict: False raise-errors: False
Output: ['invalid IPNetwork 895.479.974.555/69']
No bugs found. Skipping CSV creation
Final bug count: defaultdict(<class 'int'>, {})
Saved bug count report and tracebacks for the bugs encountered!

============================================================
Iteration 3 | 6 | 25.2s
Input: '255.255.J255.255'
Running cidrize function with the arguments: ipstr: 255.255.J255.255 strict: False raise-errors: False
Output: ['invalid IPNetwork 255.255.J255.255']
No bugs found. Skipping CSV creation
Final bug count: defaultdict(<class 'int'>, {})
Saved bug count report and tracebacks for the bugs encountered!

============================================================
Iteration 4 | 6 | 36.8s
Input: '5Q6.421.196.905/47'
Running cidrize function with the arguments: ipstr: 5Q6.421.196.905/47 strict: False raise-errors: False
Output: ['invalid IPNetwork 5Q6.421.196.905/47']
No bugs found. Skipping CSV creation
Final bug count: defaultdict(<class 'int'>, {})
Saved bug count report and tracebacks for the bugs encountered!
