
============================================================
Iteration 1 | 2 | 0.0s
Input: '::192.0.2.$33'
Running the IPv6 parser with ipstr: ::192.0.2.$33
An unknown exception has been triggered. One of the octets are empty ('')
============================================================
TRACEBACK
============================================================
============================================================
Saved bug count report and tracebacks for the bugs encountered!
Final bug count: defaultdict(<class 'int'>, {('bonus', <class 'buggy_ipyparse.ipv4_mstv.InvalidityBug'>, "One of the octets are empty ('')", 'buggy_ipyparse/ipv4_mstv.py', 81): 1})
[STDERR]
Traceback (most recent call last):
  File "ipv6_parser_stv.py", line 219, in <module>
  File "pyparsing/core.py", line 1328, in parse_string
  File "pyparsing/core.py", line 950, in _parseNoCache
  File "pyparsing/core.py", line 4754, in parseImpl
  File "pyparsing/core.py", line 950, in _parseNoCache
  File "pyparsing/core.py", line 4634, in parseImpl
  File "pyparsing/core.py", line 950, in _parseNoCache
  File "pyparsing/core.py", line 4754, in parseImpl
  File "pyparsing/core.py", line 950, in _parseNoCache
  File "pyparsing/core.py", line 5155, in parseImpl
  File "pyparsing/core.py", line 950, in _parseNoCache
  File "pyparsing/core.py", line 4634, in parseImpl
  File "pyparsing/core.py", line 950, in _parseNoCache
  File "pyparsing/core.py", line 4634, in parseImpl
  File "pyparsing/core.py", line 989, in _parseNoCache
  File "pyparsing/core.py", line 281, in wrapper
  File "buggy_ipyparse/ipv4_mstv.py", line 81, in convert_octet
buggy_ipyparse.ipv4_mstv.InvalidityBug: One of the octets are empty ('')
Traceback (most recent call last):
  File "ipv6_parser_stv.py", line 219, in <module>
  File "pyparsing/core.py", line 1328, in parse_string
  File "pyparsing/core.py", line 950, in _parseNoCache
  File "pyparsing/core.py", line 4754, in parseImpl
  File "pyparsing/core.py", line 950, in _parseNoCache
  File "pyparsing/core.py", line 4634, in parseImpl
  File "pyparsing/core.py", line 950, in _parseNoCache
  File "pyparsing/core.py", line 4754, in parseImpl
  File "pyparsing/core.py", line 950, in _parseNoCache
  File "pyparsing/core.py", line 5155, in parseImpl
  File "pyparsing/core.py", line 950, in _parseNoCache
  File "pyparsing/core.py", line 4634, in parseImpl
  File "pyparsing/core.py", line 950, in _parseNoCache
  File "pyparsing/core.py", line 4634, in parseImpl
  File "pyparsing/core.py", line 989, in _parseNoCache
  File "pyparsing/core.py", line 281, in wrapper
  File "buggy_ipyparse/ipv4_mstv.py", line 81, in convert_octet
buggy_ipyparse.ipv4_mstv.InvalidityBug: One of the octets are empty ('')

============================================================
Iteration 2 | 2 | 23.2s
Input: 'e16b:21f:a537:68e4:abbd:1b92:f9315:8b3f'
Running the IPv6 parser with ipstr: e16b:21f:a537:68e4:abbd:1b92:f9315:8b3f
An invalidity bug has been triggered: Hex of length more than 4 found.
============================================================
TRACEBACK
============================================================
============================================================
Saved bug count report and tracebacks for the bugs encountered!
Final bug count: defaultdict(<class 'int'>, {('invalidity', <class 'buggy_ipyparse.ipv6_mstv.InvalidityBug'>, 'Hex of length more than 4 found.', 'buggy_ipyparse/ipv6_mstv.py', 93): 1})
[STDERR]
Traceback (most recent call last):
  File "ipv6_parser_stv.py", line 219, in <module>
  File "pyparsing/core.py", line 1328, in parse_string
  File "pyparsing/core.py", line 950, in _parseNoCache
  File "pyparsing/core.py", line 4754, in parseImpl
  File "pyparsing/core.py", line 950, in _parseNoCache
  File "pyparsing/core.py", line 4634, in parseImpl
  File "pyparsing/core.py", line 950, in _parseNoCache
  File "pyparsing/core.py", line 4612, in parseImpl
  File "pyparsing/core.py", line 989, in _parseNoCache
  File "pyparsing/core.py", line 281, in wrapper
  File "buggy_ipyparse/ipv6_mstv.py", line 93, in convert_short
buggy_ipyparse.ipv6_mstv.InvalidityBug: Hex of length more than 4 found.

============================================================
Iteration 3 | 2 | 34.6s
Input: '1742d:1770b:5f84:ad:2d88:11760:3445:2bad'
Running the IPv6 parser with ipstr: 1742d:1770b:5f84:ad:2d88:11760:3445:2bad
An invalidity bug has been triggered: Hex of length more than 4 found.
============================================================
TRACEBACK
============================================================
============================================================
Saved bug count report and tracebacks for the bugs encountered!
Final bug count: defaultdict(<class 'int'>, {('invalidity', <class 'buggy_ipyparse.ipv6_mstv.InvalidityBug'>, 'Hex of length more than 4 found.', 'buggy_ipyparse/ipv6_mstv.py', 93): 1})
[STDERR]
Traceback (most recent call last):
  File "ipv6_parser_stv.py", line 219, in <module>
  File "pyparsing/core.py", line 1328, in parse_string
  File "pyparsing/core.py", line 950, in _parseNoCache
  File "pyparsing/core.py", line 4754, in parseImpl
  File "pyparsing/core.py", line 950, in _parseNoCache
  File "pyparsing/core.py", line 4612, in parseImpl
  File "pyparsing/core.py", line 950, in _parseNoCache
  File "pyparsing/core.py", line 4612, in parseImpl
  File "pyparsing/core.py", line 989, in _parseNoCache
  File "pyparsing/core.py", line 284, in wrapper
  File "buggy_ipyparse/ipv6_mstv.py", line 93, in convert_short
buggy_ipyparse.ipv6_mstv.InvalidityBug: Hex of length more than 4 found.

============================================================
Iteration 4 | 2 | 46.0s
Input: '4755:14856:108c8:185da:eeba:31d9:cd16:e357'
Running the IPv6 parser with ipstr: 4755:14856:108c8:185da:eeba:31d9:cd16:e357
An invalidity bug has been triggered: Hex of length more than 4 found.
============================================================
TRACEBACK
============================================================
============================================================
Saved bug count report and tracebacks for the bugs encountered!
Final bug count: defaultdict(<class 'int'>, {('invalidity', <class 'buggy_ipyparse.ipv6_mstv.InvalidityBug'>, 'Hex of length more than 4 found.', 'buggy_ipyparse/ipv6_mstv.py', 93): 1})
[STDERR]
Traceback (most recent call last):
  File "ipv6_parser_stv.py", line 219, in <module>
  File "pyparsing/core.py", line 1328, in parse_string
  File "pyparsing/core.py", line 950, in _parseNoCache
  File "pyparsing/core.py", line 4754, in parseImpl
  File "pyparsing/core.py", line 950, in _parseNoCache
  File "pyparsing/core.py", line 4634, in parseImpl
  File "pyparsing/core.py", line 950, in _parseNoCache
  File "pyparsing/core.py", line 4612, in parseImpl
  File "pyparsing/core.py", line 989, in _parseNoCache
  File "pyparsing/core.py", line 281, in wrapper
  File "buggy_ipyparse/ipv6_mstv.py", line 93, in convert_short
buggy_ipyparse.ipv6_mstv.InvalidityBug: Hex of length more than 4 found.

============================================================
Iteration 5 | 2 | 57.5s
Input: '3354:5ff6:15271:4039:74be:2805:101b3:182en0'
Running the IPv6 parser with ipstr: 3354:5ff6:15271:4039:74be:2805:101b3:182en0
An invalidity bug has been triggered: Hex of length more than 4 found.
============================================================
TRACEBACK
============================================================
============================================================
Saved bug count report and tracebacks for the bugs encountered!
Final bug count: defaultdict(<class 'int'>, {('invalidity', <class 'buggy_ipyparse.ipv6_mstv.InvalidityBug'>, 'Hex of length more than 4 found.', 'buggy_ipyparse/ipv6_mstv.py', 93): 1})
[STDERR]
Traceback (most recent call last):
  File "ipv6_parser_stv.py", line 219, in <module>
  File "pyparsing/core.py", line 1328, in parse_string
  File "pyparsing/core.py", line 950, in _parseNoCache
  File "pyparsing/core.py", line 4754, in parseImpl
  File "pyparsing/core.py", line 950, in _parseNoCache
  File "pyparsing/core.py", line 4634, in parseImpl
  File "pyparsing/core.py", line 950, in _parseNoCache
  File "pyparsing/core.py", line 4612, in parseImpl
  File "pyparsing/core.py", line 989, in _parseNoCache
  File "pyparsing/core.py", line 281, in wrapper
  File "buggy_ipyparse/ipv6_mstv.py", line 93, in convert_short
buggy_ipyparse.ipv6_mstv.InvalidityBug: Hex of length more than 4 found.
